<?xml version="1.0" encoding="UTF-8"?>
<testsuite xmlns:xsi="http://www.w3.org/2001/XMLSchema-instance" xsi:noNamespaceSchemaLocation="https://maven.apache.org/surefire/maven-surefire-plugin/xsd/surefire-test-report-3.0.xsd" version="3.0" name="com.linktic.inventaryservice.service.InventoryServiceImplTest" time="0.2" tests="11" errors="0" skipped="0" failures="0">
  <properties>
[...]
</properties>
  <testcase name="getInventoryByProductId_shouldThrowFeignException_whenFeignExceptionOccurs" classname="com.linktic.inventaryservice.service.InventoryServiceImplTest" time="0.154">
    <system-out><![CDATA[2025-08-10 20:13:22.943 [f4b32649-bd32-421c-b258-8e953457db71] INFO  c.l.i.service.InventoryServiceImpl - Request received to get inventory and product info for productId=prod123
2025-08-10 20:13:22.944 [f4b32649-bd32-421c-b258-8e953457db71] DEBUG c.l.i.service.InventoryServiceImpl - Inventory found for productId=prod123, quantity=20
2025-08-10 20:13:22.944 [f4b32649-bd32-421c-b258-8e953457db71] ERROR c.l.i.service.InventoryServiceImpl - Error calling product service for productId=prod123, status=500, message=[500] during [GET] to [] [getByProductById]: []
]]></system-out>
  </testcase>
  <testcase name="getInventoryByProductId_shouldThrowNotFoundException_whenInventoryNotFound" classname="com.linktic.inventaryservice.service.InventoryServiceImplTest" time="0.002">
    <system-out><![CDATA[2025-08-10 20:13:22.946 [ca3ad2b0-ba50-4ca0-b49d-053fe2d66f60] INFO  c.l.i.service.InventoryServiceImpl - Request received to get inventory and product info for productId=prod123
2025-08-10 20:13:22.946 [ca3ad2b0-ba50-4ca0-b49d-053fe2d66f60] WARN  c.l.i.service.InventoryServiceImpl - Inventory not found for productId=prod123
]]></system-out>
  </testcase>
  <testcase name="updateQuantityAfterPurchase_shouldThrowIllegalArgumentException_whenInsufficientInventory" classname="com.linktic.inventaryservice.service.InventoryServiceImplTest" time="0.008">
    <system-out><![CDATA[2025-08-10 20:13:22.949 [b7ac73a7-870c-4d6d-9c8f-870dda4a694c] INFO  c.l.i.service.InventoryServiceImpl - Request received to deduct quantity=50 from inventory for productId=prod123
2025-08-10 20:13:22.949 [b7ac73a7-870c-4d6d-9c8f-870dda4a694c] WARN  c.l.i.service.InventoryServiceImpl - Insufficient inventory for productId=prod123, requested deduction=50, available=20
]]></system-out>
  </testcase>
  <testcase name="updateQuantityAfterPurchase_shouldThrowFeignException_whenOtherFeignExceptionOccurs" classname="com.linktic.inventaryservice.service.InventoryServiceImplTest" time="0.002">
    <system-out><![CDATA[2025-08-10 20:13:22.957 [8ff29574-60d5-49f9-b079-d94098f50cab] INFO  c.l.i.service.InventoryServiceImpl - Request received to deduct quantity=5 from inventory for productId=prod123
2025-08-10 20:13:22.958 [8ff29574-60d5-49f9-b079-d94098f50cab] INFO  c.l.i.service.InventoryServiceImpl - Inventory updated successfully for productId=prod123, newQuantity=15
2025-08-10 20:13:22.958 [8ff29574-60d5-49f9-b079-d94098f50cab] ERROR c.l.i.service.InventoryServiceImpl - Error calling product service after inventory update for productId=prod123, status=500, message=[500 Internal Server Error] during [GET] to [/products/prod123] [getByProductById]: []
]]></system-out>
  </testcase>
  <testcase name="getInventoryByProductId_shouldReturnInventoryJsonApiResponse_whenProductAndInventoryExist" classname="com.linktic.inventaryservice.service.InventoryServiceImplTest" time="0.003">
    <system-out><![CDATA[2025-08-10 20:13:22.960 [b5048516-d5e9-4e6a-82d7-77ecd1f8d3ef] INFO  c.l.i.service.InventoryServiceImpl - Request received to get inventory and product info for productId=prod123
2025-08-10 20:13:22.960 [b5048516-d5e9-4e6a-82d7-77ecd1f8d3ef] DEBUG c.l.i.service.InventoryServiceImpl - Inventory found for productId=prod123, quantity=20
2025-08-10 20:13:22.960 [b5048516-d5e9-4e6a-82d7-77ecd1f8d3ef] DEBUG c.l.i.service.InventoryServiceImpl - Product service returned successfully for productId=prod123
2025-08-10 20:13:22.960 [b5048516-d5e9-4e6a-82d7-77ecd1f8d3ef] INFO  c.l.i.service.InventoryServiceImpl - Returning inventory and product info for productId=prod123, quantity=20
]]></system-out>
  </testcase>
  <testcase name="getInventoryByProductId_shouldThrowNotFoundException_whenProductResponseIsNull" classname="com.linktic.inventaryservice.service.InventoryServiceImplTest" time="0.002">
    <system-out><![CDATA[2025-08-10 20:13:22.963 [297b4dc6-09f1-4dae-a82c-8cd0e8d22e78] INFO  c.l.i.service.InventoryServiceImpl - Request received to get inventory and product info for productId=prod123
2025-08-10 20:13:22.964 [297b4dc6-09f1-4dae-a82c-8cd0e8d22e78] DEBUG c.l.i.service.InventoryServiceImpl - Inventory found for productId=prod123, quantity=20
2025-08-10 20:13:22.964 [297b4dc6-09f1-4dae-a82c-8cd0e8d22e78] DEBUG c.l.i.service.InventoryServiceImpl - Product service returned successfully for productId=prod123
2025-08-10 20:13:22.964 [297b4dc6-09f1-4dae-a82c-8cd0e8d22e78] WARN  c.l.i.service.InventoryServiceImpl - Product response empty or null for productId=prod123
]]></system-out>
  </testcase>
  <testcase name="updateQuantityAfterPurchase_shouldThrowNotFoundException_whenProductClientReturnsNotFound" classname="com.linktic.inventaryservice.service.InventoryServiceImplTest" time="0.008">
    <system-out><![CDATA[2025-08-10 20:13:22.972 [2eddcbbe-da13-43df-9e23-d19d69043467] INFO  c.l.i.service.InventoryServiceImpl - Request received to deduct quantity=5 from inventory for productId=prod123
2025-08-10 20:13:22.973 [2eddcbbe-da13-43df-9e23-d19d69043467] INFO  c.l.i.service.InventoryServiceImpl - Inventory updated successfully for productId=prod123, newQuantity=15
2025-08-10 20:13:22.973 [2eddcbbe-da13-43df-9e23-d19d69043467] WARN  c.l.i.service.InventoryServiceImpl - Product not found via productClient after inventory update for productId=prod123
]]></system-out>
  </testcase>
  <testcase name="updateQuantityAfterPurchase_shouldUpdateInventoryAndPublishEvent" classname="com.linktic.inventaryservice.service.InventoryServiceImplTest" time="0.003">
    <system-out><![CDATA[2025-08-10 20:13:22.976 [98c779af-0ede-4002-8c10-8065a8044373] INFO  c.l.i.service.InventoryServiceImpl - Request received to deduct quantity=5 from inventory for productId=prod123
2025-08-10 20:13:22.976 [98c779af-0ede-4002-8c10-8065a8044373] INFO  c.l.i.service.InventoryServiceImpl - Inventory updated successfully for productId=prod123, newQuantity=15
2025-08-10 20:13:22.976 [98c779af-0ede-4002-8c10-8065a8044373] DEBUG c.l.i.service.InventoryServiceImpl - Product service returned successfully after update for productId=prod123
]]></system-out>
  </testcase>
  <testcase name="updateQuantityAfterPurchase_shouldThrowNotFoundException_whenInventoryNotFound" classname="com.linktic.inventaryservice.service.InventoryServiceImplTest" time="0.002">
    <system-out><![CDATA[2025-08-10 20:13:22.980 [ebb50945-2aea-444b-80c8-ec71192ec1ab] INFO  c.l.i.service.InventoryServiceImpl - Request received to deduct quantity=5 from inventory for productId=prod123
2025-08-10 20:13:22.980 [ebb50945-2aea-444b-80c8-ec71192ec1ab] WARN  c.l.i.service.InventoryServiceImpl - Inventory not found when updating for productId=prod123
]]></system-out>
  </testcase>
  <testcase name="getInventoryByProductId_shouldThrowNotFoundException_whenProductClientReturnsNotFound" classname="com.linktic.inventaryservice.service.InventoryServiceImplTest" time="0.003">
    <system-out><![CDATA[2025-08-10 20:13:22.983 [7c7efd88-84d4-41cc-9005-4906aa1edb9c] INFO  c.l.i.service.InventoryServiceImpl - Request received to get inventory and product info for productId=prod123
2025-08-10 20:13:22.983 [7c7efd88-84d4-41cc-9005-4906aa1edb9c] DEBUG c.l.i.service.InventoryServiceImpl - Inventory found for productId=prod123, quantity=20
2025-08-10 20:13:22.983 [7c7efd88-84d4-41cc-9005-4906aa1edb9c] WARN  c.l.i.service.InventoryServiceImpl - Product not found via productClient for productId=prod123
]]></system-out>
  </testcase>
  <testcase name="getInventoryByProductId_shouldThrowNotFoundException_whenProductResponseDataIsNull" classname="com.linktic.inventaryservice.service.InventoryServiceImplTest" time="0.002">
    <system-out><![CDATA[2025-08-10 20:13:22.986 [49de454b-3300-4842-97f3-360bf833353e] INFO  c.l.i.service.InventoryServiceImpl - Request received to get inventory and product info for productId=prod123
2025-08-10 20:13:22.986 [49de454b-3300-4842-97f3-360bf833353e] DEBUG c.l.i.service.InventoryServiceImpl - Inventory found for productId=prod123, quantity=20
2025-08-10 20:13:22.986 [49de454b-3300-4842-97f3-360bf833353e] DEBUG c.l.i.service.InventoryServiceImpl - Product service returned successfully for productId=prod123
2025-08-10 20:13:22.986 [49de454b-3300-4842-97f3-360bf833353e] WARN  c.l.i.service.InventoryServiceImpl - Product response empty or null for productId=prod123
]]></system-out>
  </testcase>
</testsuite>